2025-04-10 15:45:58,176 - INFO - Scraping started.
2025-04-10 15:45:58,178 - INFO - ====== WebDriver manager ======
2025-04-10 15:46:03,443 - INFO - Get LATEST chromedriver version for google-chrome
2025-04-10 15:47:29,457 - INFO - Get LATEST chromedriver version for google-chrome
2025-04-10 15:48:54,006 - INFO - Driver [C:\Users\Leo-T-Mazive\.wdm\drivers\chromedriver\win64\135.0.7049.84\chromedriver-win32/chromedriver.exe] found in cache
2025-04-10 15:49:43,654 - ERROR - Scraping failed: Message: 

2025-04-10 15:49:55,881 - INFO - Scraping started.
2025-04-10 15:49:55,882 - INFO - ====== WebDriver manager ======
2025-04-10 15:50:02,539 - INFO - Get LATEST chromedriver version for google-chrome
2025-04-10 15:51:17,474 - INFO - Scraping started
2025-04-10 15:51:17,475 - INFO - ====== WebDriver manager ======
2025-04-10 15:51:23,417 - INFO - Get LATEST chromedriver version for google-chrome
2025-04-10 15:52:47,777 - INFO - Get LATEST chromedriver version for google-chrome
2025-04-10 15:53:30,839 - INFO - Scraping started
2025-04-10 15:53:30,840 - INFO - ====== WebDriver manager ======
2025-04-10 15:53:36,007 - INFO - Get LATEST chromedriver version for google-chrome
2025-04-10 15:55:00,722 - INFO - Get LATEST chromedriver version for google-chrome
2025-04-10 15:56:27,072 - INFO - Driver [C:\Users\Leo-T-Mazive\.wdm\drivers\chromedriver\win64\135.0.7049.84\chromedriver-win32/chromedriver.exe] found in cache
2025-04-10 15:57:08,691 - ERROR - Error parsing job card: list index out of range
2025-04-10 15:57:08,824 - ERROR - Error parsing job card: list index out of range
2025-04-10 15:57:08,951 - ERROR - Error parsing job card: list index out of range
2025-04-10 15:57:09,051 - ERROR - Error parsing job card: Message: no such element: Unable to locate element: {"method":"css selector","selector":".job-listing-company"}
  (Session info: chrome=135.0.7049.42); For documentation on this error, please visit: https://www.selenium.dev/documentation/webdriver/troubleshooting/errors#no-such-element-exception
Stacktrace:
	GetHandleVerifier [0x00A280E3+60707]
	GetHandleVerifier [0x00A28124+60772]
	(No symbol) [0x00850683]
	(No symbol) [0x00898660]
	(No symbol) [0x008989FB]
	(No symbol) [0x0088DD81]
	(No symbol) [0x008BD094]
	(No symbol) [0x0088DCA4]
	(No symbol) [0x008BD2C4]
	(No symbol) [0x008DE824]
	(No symbol) [0x008BCE46]
	(No symbol) [0x0088C5D3]
	(No symbol) [0x0088D424]
	GetHandleVerifier [0x00C6BBC3+2435075]
	GetHandleVerifier [0x00C67163+2416035]
	GetHandleVerifier [0x00C8350C+2531660]
	GetHandleVerifier [0x00A3F1B5+155125]
	GetHandleVerifier [0x00A45B5D+182173]
	GetHandleVerifier [0x00A2F9B8+91640]
	GetHandleVerifier [0x00A2FB60+92064]
	GetHandleVerifier [0x00A1A620+4704]
	BaseThreadInitThunk [0x759AFCC9+25]
	RtlGetAppContainerNamedObjectPath [0x770882AE+286]
	RtlGetAppContainerNamedObjectPath [0x7708827E+238]

2025-04-10 15:57:09,128 - ERROR - Error parsing job card: Message: no such element: Unable to locate element: {"method":"css selector","selector":".job-listing-company"}
  (Session info: chrome=135.0.7049.42); For documentation on this error, please visit: https://www.selenium.dev/documentation/webdriver/troubleshooting/errors#no-such-element-exception
Stacktrace:
	GetHandleVerifier [0x00A280E3+60707]
	GetHandleVerifier [0x00A28124+60772]
	(No symbol) [0x00850683]
	(No symbol) [0x00898660]
	(No symbol) [0x008989FB]
	(No symbol) [0x0088DD81]
	(No symbol) [0x008BD094]
	(No symbol) [0x0088DCA4]
	(No symbol) [0x008BD2C4]
	(No symbol) [0x008DE824]
	(No symbol) [0x008BCE46]
	(No symbol) [0x0088C5D3]
	(No symbol) [0x0088D424]
	GetHandleVerifier [0x00C6BBC3+2435075]
	GetHandleVerifier [0x00C67163+2416035]
	GetHandleVerifier [0x00C8350C+2531660]
	GetHandleVerifier [0x00A3F1B5+155125]
	GetHandleVerifier [0x00A45B5D+182173]
	GetHandleVerifier [0x00A2F9B8+91640]
	GetHandleVerifier [0x00A2FB60+92064]
	GetHandleVerifier [0x00A1A620+4704]
	BaseThreadInitThunk [0x759AFCC9+25]
	RtlGetAppContainerNamedObjectPath [0x770882AE+286]
	RtlGetAppContainerNamedObjectPath [0x7708827E+238]

2025-04-10 15:57:09,239 - ERROR - Error parsing job card: list index out of range
2025-04-10 15:57:09,358 - ERROR - Error parsing job card: list index out of range
2025-04-10 15:57:09,459 - ERROR - Error parsing job card: list index out of range
2025-04-10 15:57:09,565 - ERROR - Error parsing job card: list index out of range
2025-04-10 15:57:09,640 - ERROR - Error parsing job card: Message: no such element: Unable to locate element: {"method":"css selector","selector":".job-listing-company"}
  (Session info: chrome=135.0.7049.42); For documentation on this error, please visit: https://www.selenium.dev/documentation/webdriver/troubleshooting/errors#no-such-element-exception
Stacktrace:
	GetHandleVerifier [0x00A280E3+60707]
	GetHandleVerifier [0x00A28124+60772]
	(No symbol) [0x00850683]
	(No symbol) [0x00898660]
	(No symbol) [0x008989FB]
	(No symbol) [0x0088DD81]
	(No symbol) [0x008BD094]
	(No symbol) [0x0088DCA4]
	(No symbol) [0x008BD2C4]
	(No symbol) [0x008DE824]
	(No symbol) [0x008BCE46]
	(No symbol) [0x0088C5D3]
	(No symbol) [0x0088D424]
	GetHandleVerifier [0x00C6BBC3+2435075]
	GetHandleVerifier [0x00C67163+2416035]
	GetHandleVerifier [0x00C8350C+2531660]
	GetHandleVerifier [0x00A3F1B5+155125]
	GetHandleVerifier [0x00A45B5D+182173]
	GetHandleVerifier [0x00A2F9B8+91640]
	GetHandleVerifier [0x00A2FB60+92064]
	GetHandleVerifier [0x00A1A620+4704]
	BaseThreadInitThunk [0x759AFCC9+25]
	RtlGetAppContainerNamedObjectPath [0x770882AE+286]
	RtlGetAppContainerNamedObjectPath [0x7708827E+238]

2025-04-10 15:57:09,673 - INFO - Data saved to scraped_data.csv
2025-04-10 15:57:11,943 - INFO - Scraping started
2025-04-10 15:57:11,945 - INFO - ====== WebDriver manager ======
2025-04-10 15:57:18,305 - INFO - Get LATEST chromedriver version for google-chrome
2025-04-10 16:00:00,834 - INFO - Scraping started
2025-04-10 16:00:00,835 - INFO - ====== WebDriver manager ======
2025-04-10 16:00:06,375 - INFO - Get LATEST chromedriver version for google-chrome
2025-04-10 16:00:07,163 - INFO - Get LATEST chromedriver version for google-chrome
2025-04-10 16:00:08,383 - INFO - Driver [C:\Users\Leo-T-Mazive\.wdm\drivers\chromedriver\win64\135.0.7049.84\chromedriver-win32/chromedriver.exe] found in cache
2025-04-10 16:00:41,879 - ERROR - Error parsing job card: list index out of range
2025-04-10 16:00:41,980 - ERROR - Error parsing job card: list index out of range
2025-04-10 16:00:42,086 - ERROR - Error parsing job card: list index out of range
2025-04-10 16:00:42,161 - ERROR - Error parsing job card: Message: no such element: Unable to locate element: {"method":"css selector","selector":".job-listing-company"}
  (Session info: chrome=135.0.7049.42); For documentation on this error, please visit: https://www.selenium.dev/documentation/webdriver/troubleshooting/errors#no-such-element-exception
Stacktrace:
	GetHandleVerifier [0x00A280E3+60707]
	GetHandleVerifier [0x00A28124+60772]
	(No symbol) [0x00850683]
	(No symbol) [0x00898660]
	(No symbol) [0x008989FB]
	(No symbol) [0x0088DD81]
	(No symbol) [0x008BD094]
	(No symbol) [0x0088DCA4]
	(No symbol) [0x008BD2C4]
	(No symbol) [0x008DE824]
	(No symbol) [0x008BCE46]
	(No symbol) [0x0088C5D3]
	(No symbol) [0x0088D424]
	GetHandleVerifier [0x00C6BBC3+2435075]
	GetHandleVerifier [0x00C67163+2416035]
	GetHandleVerifier [0x00C8350C+2531660]
	GetHandleVerifier [0x00A3F1B5+155125]
	GetHandleVerifier [0x00A45B5D+182173]
	GetHandleVerifier [0x00A2F9B8+91640]
	GetHandleVerifier [0x00A2FB60+92064]
	GetHandleVerifier [0x00A1A620+4704]
	BaseThreadInitThunk [0x759AFCC9+25]
	RtlGetAppContainerNamedObjectPath [0x770882AE+286]
	RtlGetAppContainerNamedObjectPath [0x7708827E+238]

2025-04-10 16:00:42,237 - ERROR - Error parsing job card: Message: no such element: Unable to locate element: {"method":"css selector","selector":".job-listing-company"}
  (Session info: chrome=135.0.7049.42); For documentation on this error, please visit: https://www.selenium.dev/documentation/webdriver/troubleshooting/errors#no-such-element-exception
Stacktrace:
	GetHandleVerifier [0x00A280E3+60707]
	GetHandleVerifier [0x00A28124+60772]
	(No symbol) [0x00850683]
	(No symbol) [0x00898660]
	(No symbol) [0x008989FB]
	(No symbol) [0x0088DD81]
	(No symbol) [0x008BD094]
	(No symbol) [0x0088DCA4]
	(No symbol) [0x008BD2C4]
	(No symbol) [0x008DE824]
	(No symbol) [0x008BCE46]
	(No symbol) [0x0088C5D3]
	(No symbol) [0x0088D424]
	GetHandleVerifier [0x00C6BBC3+2435075]
	GetHandleVerifier [0x00C67163+2416035]
	GetHandleVerifier [0x00C8350C+2531660]
	GetHandleVerifier [0x00A3F1B5+155125]
	GetHandleVerifier [0x00A45B5D+182173]
	GetHandleVerifier [0x00A2F9B8+91640]
	GetHandleVerifier [0x00A2FB60+92064]
	GetHandleVerifier [0x00A1A620+4704]
	BaseThreadInitThunk [0x759AFCC9+25]
	RtlGetAppContainerNamedObjectPath [0x770882AE+286]
	RtlGetAppContainerNamedObjectPath [0x7708827E+238]

2025-04-10 16:00:42,349 - ERROR - Error parsing job card: list index out of range
2025-04-10 16:00:42,456 - ERROR - Error parsing job card: list index out of range
2025-04-10 16:00:42,567 - ERROR - Error parsing job card: list index out of range
2025-04-10 16:00:42,671 - ERROR - Error parsing job card: list index out of range
2025-04-10 16:00:42,745 - ERROR - Error parsing job card: Message: no such element: Unable to locate element: {"method":"css selector","selector":".job-listing-company"}
  (Session info: chrome=135.0.7049.42); For documentation on this error, please visit: https://www.selenium.dev/documentation/webdriver/troubleshooting/errors#no-such-element-exception
Stacktrace:
	GetHandleVerifier [0x00A280E3+60707]
	GetHandleVerifier [0x00A28124+60772]
	(No symbol) [0x00850683]
	(No symbol) [0x00898660]
	(No symbol) [0x008989FB]
	(No symbol) [0x0088DD81]
	(No symbol) [0x008BD094]
	(No symbol) [0x0088DCA4]
	(No symbol) [0x008BD2C4]
	(No symbol) [0x008DE824]
	(No symbol) [0x008BCE46]
	(No symbol) [0x0088C5D3]
	(No symbol) [0x0088D424]
	GetHandleVerifier [0x00C6BBC3+2435075]
	GetHandleVerifier [0x00C67163+2416035]
	GetHandleVerifier [0x00C8350C+2531660]
	GetHandleVerifier [0x00A3F1B5+155125]
	GetHandleVerifier [0x00A45B5D+182173]
	GetHandleVerifier [0x00A2F9B8+91640]
	GetHandleVerifier [0x00A2FB60+92064]
	GetHandleVerifier [0x00A1A620+4704]
	BaseThreadInitThunk [0x759AFCC9+25]
	RtlGetAppContainerNamedObjectPath [0x770882AE+286]
	RtlGetAppContainerNamedObjectPath [0x7708827E+238]

2025-04-10 16:00:42,755 - INFO - Data saved to scraped_data.csv
2025-04-10 16:00:46,000 - INFO - Scraping started
2025-04-10 16:00:46,001 - INFO - ====== WebDriver manager ======
2025-04-10 16:00:52,387 - INFO - Get LATEST chromedriver version for google-chrome
2025-04-10 16:02:17,998 - INFO - Get LATEST chromedriver version for google-chrome
2025-04-10 16:03:42,681 - INFO - Driver [C:\Users\Leo-T-Mazive\.wdm\drivers\chromedriver\win64\135.0.7049.84\chromedriver-win32/chromedriver.exe] found in cache
2025-04-10 16:04:25,512 - ERROR - Error parsing job card: list index out of range
2025-04-10 16:04:25,699 - ERROR - Error parsing job card: list index out of range
2025-04-10 16:04:25,902 - ERROR - Error parsing job card: list index out of range
2025-04-10 16:04:26,004 - ERROR - Error parsing job card: Message: no such element: Unable to locate element: {"method":"css selector","selector":".job-listing-company"}
  (Session info: chrome=135.0.7049.42); For documentation on this error, please visit: https://www.selenium.dev/documentation/webdriver/troubleshooting/errors#no-such-element-exception
Stacktrace:
	GetHandleVerifier [0x00A280E3+60707]
	GetHandleVerifier [0x00A28124+60772]
	(No symbol) [0x00850683]
	(No symbol) [0x00898660]
	(No symbol) [0x008989FB]
	(No symbol) [0x0088DD81]
	(No symbol) [0x008BD094]
	(No symbol) [0x0088DCA4]
	(No symbol) [0x008BD2C4]
	(No symbol) [0x008DE824]
	(No symbol) [0x008BCE46]
	(No symbol) [0x0088C5D3]
	(No symbol) [0x0088D424]
	GetHandleVerifier [0x00C6BBC3+2435075]
	GetHandleVerifier [0x00C67163+2416035]
	GetHandleVerifier [0x00C8350C+2531660]
	GetHandleVerifier [0x00A3F1B5+155125]
	GetHandleVerifier [0x00A45B5D+182173]
	GetHandleVerifier [0x00A2F9B8+91640]
	GetHandleVerifier [0x00A2FB60+92064]
	GetHandleVerifier [0x00A1A620+4704]
	BaseThreadInitThunk [0x759AFCC9+25]
	RtlGetAppContainerNamedObjectPath [0x770882AE+286]
	RtlGetAppContainerNamedObjectPath [0x7708827E+238]

2025-04-10 16:04:26,108 - ERROR - Error parsing job card: Message: no such element: Unable to locate element: {"method":"css selector","selector":".job-listing-company"}
  (Session info: chrome=135.0.7049.42); For documentation on this error, please visit: https://www.selenium.dev/documentation/webdriver/troubleshooting/errors#no-such-element-exception
Stacktrace:
	GetHandleVerifier [0x00A280E3+60707]
	GetHandleVerifier [0x00A28124+60772]
	(No symbol) [0x00850683]
	(No symbol) [0x00898660]
	(No symbol) [0x008989FB]
	(No symbol) [0x0088DD81]
	(No symbol) [0x008BD094]
	(No symbol) [0x0088DCA4]
	(No symbol) [0x008BD2C4]
	(No symbol) [0x008DE824]
	(No symbol) [0x008BCE46]
	(No symbol) [0x0088C5D3]
	(No symbol) [0x0088D424]
	GetHandleVerifier [0x00C6BBC3+2435075]
	GetHandleVerifier [0x00C67163+2416035]
	GetHandleVerifier [0x00C8350C+2531660]
	GetHandleVerifier [0x00A3F1B5+155125]
	GetHandleVerifier [0x00A45B5D+182173]
	GetHandleVerifier [0x00A2F9B8+91640]
	GetHandleVerifier [0x00A2FB60+92064]
	GetHandleVerifier [0x00A1A620+4704]
	BaseThreadInitThunk [0x759AFCC9+25]
	RtlGetAppContainerNamedObjectPath [0x770882AE+286]
	RtlGetAppContainerNamedObjectPath [0x7708827E+238]

2025-04-10 16:04:26,251 - ERROR - Error parsing job card: list index out of range
2025-04-10 16:04:26,395 - ERROR - Error parsing job card: list index out of range
2025-04-10 16:04:26,536 - ERROR - Error parsing job card: list index out of range
2025-04-10 16:04:26,679 - ERROR - Error parsing job card: list index out of range
2025-04-10 16:04:26,781 - ERROR - Error parsing job card: Message: no such element: Unable to locate element: {"method":"css selector","selector":".job-listing-company"}
  (Session info: chrome=135.0.7049.42); For documentation on this error, please visit: https://www.selenium.dev/documentation/webdriver/troubleshooting/errors#no-such-element-exception
Stacktrace:
	GetHandleVerifier [0x00A280E3+60707]
	GetHandleVerifier [0x00A28124+60772]
	(No symbol) [0x00850683]
	(No symbol) [0x00898660]
	(No symbol) [0x008989FB]
	(No symbol) [0x0088DD81]
	(No symbol) [0x008BD094]
	(No symbol) [0x0088DCA4]
	(No symbol) [0x008BD2C4]
	(No symbol) [0x008DE824]
	(No symbol) [0x008BCE46]
	(No symbol) [0x0088C5D3]
	(No symbol) [0x0088D424]
	GetHandleVerifier [0x00C6BBC3+2435075]
	GetHandleVerifier [0x00C67163+2416035]
	GetHandleVerifier [0x00C8350C+2531660]
	GetHandleVerifier [0x00A3F1B5+155125]
	GetHandleVerifier [0x00A45B5D+182173]
	GetHandleVerifier [0x00A2F9B8+91640]
	GetHandleVerifier [0x00A2FB60+92064]
	GetHandleVerifier [0x00A1A620+4704]
	BaseThreadInitThunk [0x759AFCC9+25]
	RtlGetAppContainerNamedObjectPath [0x770882AE+286]
	RtlGetAppContainerNamedObjectPath [0x7708827E+238]

2025-04-10 16:04:26,786 - INFO - Data saved to scraped_data.csv
2025-04-10 16:04:39,081 - INFO - Scraping started
2025-04-10 16:04:39,083 - INFO - ====== WebDriver manager ======
2025-04-10 16:04:45,037 - INFO - Get LATEST chromedriver version for google-chrome
2025-04-10 16:06:11,881 - INFO - Get LATEST chromedriver version for google-chrome
2025-04-10 16:06:41,168 - INFO - Driver [C:\Users\Leo-T-Mazive\.wdm\drivers\chromedriver\win64\135.0.7049.84\chromedriver-win32/chromedriver.exe] found in cache
2025-04-10 16:07:29,962 - ERROR - Error parsing job card: list index out of range
2025-04-10 16:07:30,060 - ERROR - Error parsing job card: list index out of range
2025-04-10 16:07:30,158 - ERROR - Error parsing job card: list index out of range
2025-04-10 16:07:30,235 - ERROR - Error parsing job card: Message: no such element: Unable to locate element: {"method":"css selector","selector":".job-listing-company"}
  (Session info: chrome=135.0.7049.42); For documentation on this error, please visit: https://www.selenium.dev/documentation/webdriver/troubleshooting/errors#no-such-element-exception
Stacktrace:
	GetHandleVerifier [0x00A280E3+60707]
	GetHandleVerifier [0x00A28124+60772]
	(No symbol) [0x00850683]
	(No symbol) [0x00898660]
	(No symbol) [0x008989FB]
	(No symbol) [0x0088DD81]
	(No symbol) [0x008BD094]
	(No symbol) [0x0088DCA4]
	(No symbol) [0x008BD2C4]
	(No symbol) [0x008DE824]
	(No symbol) [0x008BCE46]
	(No symbol) [0x0088C5D3]
	(No symbol) [0x0088D424]
	GetHandleVerifier [0x00C6BBC3+2435075]
	GetHandleVerifier [0x00C67163+2416035]
	GetHandleVerifier [0x00C8350C+2531660]
	GetHandleVerifier [0x00A3F1B5+155125]
	GetHandleVerifier [0x00A45B5D+182173]
	GetHandleVerifier [0x00A2F9B8+91640]
	GetHandleVerifier [0x00A2FB60+92064]
	GetHandleVerifier [0x00A1A620+4704]
	BaseThreadInitThunk [0x759AFCC9+25]
	RtlGetAppContainerNamedObjectPath [0x770882AE+286]
	RtlGetAppContainerNamedObjectPath [0x7708827E+238]

2025-04-10 16:07:30,309 - ERROR - Error parsing job card: Message: no such element: Unable to locate element: {"method":"css selector","selector":".job-listing-company"}
  (Session info: chrome=135.0.7049.42); For documentation on this error, please visit: https://www.selenium.dev/documentation/webdriver/troubleshooting/errors#no-such-element-exception
Stacktrace:
	GetHandleVerifier [0x00A280E3+60707]
	GetHandleVerifier [0x00A28124+60772]
	(No symbol) [0x00850683]
	(No symbol) [0x00898660]
	(No symbol) [0x008989FB]
	(No symbol) [0x0088DD81]
	(No symbol) [0x008BD094]
	(No symbol) [0x0088DCA4]
	(No symbol) [0x008BD2C4]
	(No symbol) [0x008DE824]
	(No symbol) [0x008BCE46]
	(No symbol) [0x0088C5D3]
	(No symbol) [0x0088D424]
	GetHandleVerifier [0x00C6BBC3+2435075]
	GetHandleVerifier [0x00C67163+2416035]
	GetHandleVerifier [0x00C8350C+2531660]
	GetHandleVerifier [0x00A3F1B5+155125]
	GetHandleVerifier [0x00A45B5D+182173]
	GetHandleVerifier [0x00A2F9B8+91640]
	GetHandleVerifier [0x00A2FB60+92064]
	GetHandleVerifier [0x00A1A620+4704]
	BaseThreadInitThunk [0x759AFCC9+25]
	RtlGetAppContainerNamedObjectPath [0x770882AE+286]
	RtlGetAppContainerNamedObjectPath [0x7708827E+238]

2025-04-10 16:07:30,409 - ERROR - Error parsing job card: list index out of range
2025-04-10 16:07:30,511 - ERROR - Error parsing job card: list index out of range
2025-04-10 16:07:30,609 - ERROR - Error parsing job card: list index out of range
2025-04-10 16:07:30,711 - ERROR - Error parsing job card: list index out of range
2025-04-10 16:07:30,780 - ERROR - Error parsing job card: Message: no such element: Unable to locate element: {"method":"css selector","selector":".job-listing-company"}
  (Session info: chrome=135.0.7049.42); For documentation on this error, please visit: https://www.selenium.dev/documentation/webdriver/troubleshooting/errors#no-such-element-exception
Stacktrace:
	GetHandleVerifier [0x00A280E3+60707]
	GetHandleVerifier [0x00A28124+60772]
	(No symbol) [0x00850683]
	(No symbol) [0x00898660]
	(No symbol) [0x008989FB]
	(No symbol) [0x0088DD81]
	(No symbol) [0x008BD094]
	(No symbol) [0x0088DCA4]
	(No symbol) [0x008BD2C4]
	(No symbol) [0x008DE824]
	(No symbol) [0x008BCE46]
	(No symbol) [0x0088C5D3]
	(No symbol) [0x0088D424]
	GetHandleVerifier [0x00C6BBC3+2435075]
	GetHandleVerifier [0x00C67163+2416035]
	GetHandleVerifier [0x00C8350C+2531660]
	GetHandleVerifier [0x00A3F1B5+155125]
	GetHandleVerifier [0x00A45B5D+182173]
	GetHandleVerifier [0x00A2F9B8+91640]
	GetHandleVerifier [0x00A2FB60+92064]
	GetHandleVerifier [0x00A1A620+4704]
	BaseThreadInitThunk [0x759AFCC9+25]
	RtlGetAppContainerNamedObjectPath [0x770882AE+286]
	RtlGetAppContainerNamedObjectPath [0x7708827E+238]

2025-04-10 16:07:30,784 - INFO - Data saved to scraped_data.csv
2025-04-10 16:07:43,038 - INFO - Scraping started
2025-04-10 16:07:43,040 - INFO - ====== WebDriver manager ======
2025-04-10 16:07:48,465 - INFO - Get LATEST chromedriver version for google-chrome
2025-04-10 16:09:16,109 - INFO - Get LATEST chromedriver version for google-chrome
2025-04-10 16:10:41,702 - INFO - Driver [C:\Users\Leo-T-Mazive\.wdm\drivers\chromedriver\win64\135.0.7049.84\chromedriver-win32/chromedriver.exe] found in cache
2025-04-10 16:12:07,053 - ERROR - Error parsing job card: list index out of range
2025-04-10 16:12:07,152 - ERROR - Error parsing job card: list index out of range
2025-04-10 16:12:07,244 - ERROR - Error parsing job card: list index out of range
2025-04-10 16:12:07,349 - ERROR - Error parsing job card: list index out of range
2025-04-10 16:12:07,450 - ERROR - Error parsing job card: list index out of range
2025-04-10 16:12:07,518 - ERROR - Error parsing job card: Message: no such element: Unable to locate element: {"method":"css selector","selector":".job-listing-company"}
  (Session info: chrome=135.0.7049.42); For documentation on this error, please visit: https://www.selenium.dev/documentation/webdriver/troubleshooting/errors#no-such-element-exception
Stacktrace:
	GetHandleVerifier [0x00A280E3+60707]
	GetHandleVerifier [0x00A28124+60772]
	(No symbol) [0x00850683]
	(No symbol) [0x00898660]
	(No symbol) [0x008989FB]
	(No symbol) [0x0088DD81]
	(No symbol) [0x008BD094]
	(No symbol) [0x0088DCA4]
	(No symbol) [0x008BD2C4]
	(No symbol) [0x008DE824]
	(No symbol) [0x008BCE46]
	(No symbol) [0x0088C5D3]
	(No symbol) [0x0088D424]
	GetHandleVerifier [0x00C6BBC3+2435075]
	GetHandleVerifier [0x00C67163+2416035]
	GetHandleVerifier [0x00C8350C+2531660]
	GetHandleVerifier [0x00A3F1B5+155125]
	GetHandleVerifier [0x00A45B5D+182173]
	GetHandleVerifier [0x00A2F9B8+91640]
	GetHandleVerifier [0x00A2FB60+92064]
	GetHandleVerifier [0x00A1A620+4704]
	BaseThreadInitThunk [0x759AFCC9+25]
	RtlGetAppContainerNamedObjectPath [0x770882AE+286]
	RtlGetAppContainerNamedObjectPath [0x7708827E+238]

2025-04-10 16:12:07,584 - ERROR - Error parsing job card: Message: no such element: Unable to locate element: {"method":"css selector","selector":".job-listing-company"}
  (Session info: chrome=135.0.7049.42); For documentation on this error, please visit: https://www.selenium.dev/documentation/webdriver/troubleshooting/errors#no-such-element-exception
Stacktrace:
	GetHandleVerifier [0x00A280E3+60707]
	GetHandleVerifier [0x00A28124+60772]
	(No symbol) [0x00850683]
	(No symbol) [0x00898660]
	(No symbol) [0x008989FB]
	(No symbol) [0x0088DD81]
	(No symbol) [0x008BD094]
	(No symbol) [0x0088DCA4]
	(No symbol) [0x008BD2C4]
	(No symbol) [0x008DE824]
	(No symbol) [0x008BCE46]
	(No symbol) [0x0088C5D3]
	(No symbol) [0x0088D424]
	GetHandleVerifier [0x00C6BBC3+2435075]
	GetHandleVerifier [0x00C67163+2416035]
	GetHandleVerifier [0x00C8350C+2531660]
	GetHandleVerifier [0x00A3F1B5+155125]
	GetHandleVerifier [0x00A45B5D+182173]
	GetHandleVerifier [0x00A2F9B8+91640]
	GetHandleVerifier [0x00A2FB60+92064]
	GetHandleVerifier [0x00A1A620+4704]
	BaseThreadInitThunk [0x759AFCC9+25]
	RtlGetAppContainerNamedObjectPath [0x770882AE+286]
	RtlGetAppContainerNamedObjectPath [0x7708827E+238]

2025-04-10 16:12:07,680 - ERROR - Error parsing job card: list index out of range
2025-04-10 16:12:07,776 - ERROR - Error parsing job card: list index out of range
2025-04-10 16:12:07,909 - ERROR - Error parsing job card: list index out of range
2025-04-10 16:12:07,913 - INFO - Data saved to scraped_data.csv
2025-04-10 16:12:20,206 - INFO - Scraping started
2025-04-10 16:12:20,207 - INFO - ====== WebDriver manager ======
2025-04-10 16:12:25,858 - INFO - Get LATEST chromedriver version for google-chrome
2025-04-10 16:13:50,782 - INFO - Get LATEST chromedriver version for google-chrome
2025-04-10 16:18:38,962 - INFO - Scraping started...
2025-04-10 16:18:38,964 - INFO - ====== WebDriver manager ======
2025-04-10 16:18:44,963 - INFO - Get LATEST chromedriver version for google-chrome
2025-04-10 16:20:10,598 - INFO - Get LATEST chromedriver version for google-chrome
2025-04-10 16:21:40,392 - INFO - Driver [C:\Users\Leo-T-Mazive\.wdm\drivers\chromedriver\win64\135.0.7049.84\chromedriver-win32/chromedriver.exe] found in cache
2025-04-10 16:23:24,564 - WARNING - Error parsing job card: Message: no such element: Unable to locate element: {"method":"css selector","selector":".job-listing-company"}
  (Session info: chrome=135.0.7049.42); For documentation on this error, please visit: https://www.selenium.dev/documentation/webdriver/troubleshooting/errors#no-such-element-exception
Stacktrace:
	GetHandleVerifier [0x00A280E3+60707]
	GetHandleVerifier [0x00A28124+60772]
	(No symbol) [0x00850683]
	(No symbol) [0x00898660]
	(No symbol) [0x008989FB]
	(No symbol) [0x0088DD81]
	(No symbol) [0x008BD094]
	(No symbol) [0x0088DCA4]
	(No symbol) [0x008BD2C4]
	(No symbol) [0x008DE824]
	(No symbol) [0x008BCE46]
	(No symbol) [0x0088C5D3]
	(No symbol) [0x0088D424]
	GetHandleVerifier [0x00C6BBC3+2435075]
	GetHandleVerifier [0x00C67163+2416035]
	GetHandleVerifier [0x00C8350C+2531660]
	GetHandleVerifier [0x00A3F1B5+155125]
	GetHandleVerifier [0x00A45B5D+182173]
	GetHandleVerifier [0x00A2F9B8+91640]
	GetHandleVerifier [0x00A2FB60+92064]
	GetHandleVerifier [0x00A1A620+4704]
	BaseThreadInitThunk [0x759AFCC9+25]
	RtlGetAppContainerNamedObjectPath [0x770882AE+286]
	RtlGetAppContainerNamedObjectPath [0x7708827E+238]

2025-04-10 16:23:24,628 - INFO - \u2705 Data saved to scraped_data.csv
